<?xml version="1.0" encoding="UTF-8"?>
<!-- Generated by org.testng.reporters.JUnitReportReporter -->
<testsuite hostname="DESKTOP-L3I124B" failures="0" tests="1" name="jenkins.UITest" time="6.451" errors="0" timestamp="2023-05-18T12:57:31 IST" skipped="0">
  <testcase classname="jenkins.UITest" name="startBrowser" time="6.451"/>
  <system-out/>
</testsuite> <!-- jenkins.UITest -->
